origin	https://github.com/dorianekaffo/Labo-DockerMusic.git (fetch)
origin	https://github.com/dorianekaffo/Labo-DockerMusic.git (push)
Starting auditor container "1cc85a5efb52d897f37f57f046a936b735500a5b6f9d0d2c0fccefba1389d774"
Starting auditor container "9bc4341d8c530c094ea0c7320d30d8ae17998433d189a86ea57e108dbe38835d"
Starting auditor container "e83840fd2c446c12314dc2b1a5b3a79079881bc86e00e8bfbae17e75685f5e40"
Starting auditor container "7587c65f627b48a2665804dfb2a5ef8eaf50b4d45af6acffe29cec80a63b8d95"
Starting auditor container "771c9ad934ba4d73c8483f9401a2b063b9494853d2103b02215f88d167d31d67"
Starting auditor container "27c77f5dcd172ae8c329e8c0d33f3eeedecec29759869b1ef199af154f9a5f3b"
Starting auditor container "8716dbacd96dfbdfca478e626e35c4db706143aed1235ef6d107e9ef949c3d8b"
Starting auditor container "27c5db64035f872ee07e2813f8b5aba6db5b9e9c48c5271540844bb948c11231"
Starting auditor container "d7f360bcc500148e2d85290e06a3a27a76f716a1e9b1e50b420999ae44ce4925"
Starting auditor container "adcdf47b816cbfdb68447b9392a0af79b51f3b3f04af92ca0e1c45183ff94540"
Starting auditor container "f6f54286a1648b42db5e6dc726c19ce765a7698cd9cc1eeebbd6a40d917c1b8c"
11 containers have been started.
1cc85a5efb52d897f37f57f046a936b735500a5b6f9d0d2c0fccefba1389d774 : /opt/musician/musician.js,drum
9bc4341d8c530c094ea0c7320d30d8ae17998433d189a86ea57e108dbe38835d : /opt/musician/musician.js,flute
e83840fd2c446c12314dc2b1a5b3a79079881bc86e00e8bfbae17e75685f5e40 : /opt/musician/musician.js,piano
7587c65f627b48a2665804dfb2a5ef8eaf50b4d45af6acffe29cec80a63b8d95 : /opt/musician/musician.js,flute
f6f54286a1648b42db5e6dc726c19ce765a7698cd9cc1eeebbd6a40d917c1b8c : /opt/musician/musician.js,drum
adcdf47b816cbfdb68447b9392a0af79b51f3b3f04af92ca0e1c45183ff94540 : /opt/musician/musician.js,trumpet
d7f360bcc500148e2d85290e06a3a27a76f716a1e9b1e50b420999ae44ce4925 : /opt/musician/musician.js,trumpet
8716dbacd96dfbdfca478e626e35c4db706143aed1235ef6d107e9ef949c3d8b : /opt/musician/musician.js,trumpet
27c77f5dcd172ae8c329e8c0d33f3eeedecec29759869b1ef199af154f9a5f3b : /opt/musician/musician.js,flute
771c9ad934ba4d73c8483f9401a2b063b9494853d2103b02215f88d167d31d67 : /opt/musician/musician.js,flute
27c5db64035f872ee07e2813f8b5aba6db5b9e9c48c5271540844bb948c11231 : /opt/auditor/auditor.js
